{"level":"warn","message":"{ url: '/favicon.ico', method: 'GET' }"}
{"level":"warn","message":"{ url: '/images/icons/gear.png', method: 'GET' }"}
{"level":"warn","message":"{ url: '/favicon.ico', method: 'GET' }"}
{"level":"warn","message":"{ url: '/images/icons/gear.png', method: 'GET' }"}
{"level":"warn","message":"{ url: '/images/icons/gear.png', method: 'GET' }"}
{"level":"warn","message":"{ url: '/login', method: 'GET' }"}
{"level":"warn","message":"{ url: '/images/icons/gear.png', method: 'GET' }"}
{"level":"warn","message":"{ url: '/login', method: 'GET' }"}
{"level":"warn","message":"{ url: '/images/icons/gear.png', method: 'GET' }"}
{"level":"warn","message":"{ url: '/login', method: 'GET' }"}
{"level":"warn","message":"{ url: '/images/icons/gear.png', method: 'GET' }"}
{"level":"warn","message":"{ url: '/login', method: 'GET' }"}
{"level":"warn","message":"{ url: '/images/icons/gear.png', method: 'GET' }"}
{"level":"warn","message":"{ url: '/login', method: 'GET' }"}
{"level":"warn","message":"{ url: '/images/icons/gear.png', method: 'GET' }"}
{"level":"warn","message":"{ url: '/login', method: 'GET' }"}
{"level":"warn","message":"{ url: '/images/icons/gear.png', method: 'GET' }"}
{"level":"warn","message":"{ url: '/login', method: 'GET' }"}
{"level":"warn","message":"{ url: '/images/icons/gear.png', method: 'GET' }"}
{"level":"warn","message":"{ url: '/login', method: 'POST' }"}
{"level":"warn","message":"{ url: '/js/main.js', method: 'GET' }"}
{"level":"warn","message":"{ url: '/js/main.js', method: 'GET' }"}
{"level":"warn","message":"{ url: '/js/main.js', method: 'GET' }"}
{"level":"warn","message":"{ url: '/js/main.js', method: 'GET' }"}
{"level":"warn","message":"{ url: '/js/main.js', method: 'GET' }"}
{"level":"warn","message":"{ url: '/js/logout.js', method: 'GET' }"}
{"level":"error","message":"{ status: 500, route: 'undefined undefined undefined', error: 'undefined' }"}
{"level":"warn","message":"{ url: '/js/main.js', method: 'GET' }"}
{"level":"warn","message":"{ url: '/js/main.js', method: 'GET' }"}
{"level":"warn","message":"{ url: '/js/main.js', method: 'GET' }"}
{"level":"warn","message":"{ url: '/js/main.js', method: 'GET' }"}
{"level":"warn","message":"{ url: '/js/main.js', method: 'GET' }"}
{"level":"warn","message":"{ url: '/js/main.js', method: 'GET' }"}
{"level":"warn","message":"{ url: '/js/main.js', method: 'GET' }"}
{"level":"warn","message":"{ url: '/js/main.js', method: 'GET' }"}
